<?xml version="1.0" encoding="UTF-8"?>
<testng-results ignored="1" total="1" passed="0" failed="0" skipped="0">
  <reporter-output>
  </reporter-output>
  <suite started-at="2025-04-02T13:00:25 BST" name="Default suite" finished-at="2025-04-02T13:00:25 BST" duration-ms="8">
    <groups>
    </groups>
    <test started-at="2025-04-02T13:00:25 BST" name="Default test" finished-at="2025-04-02T13:00:25 BST" duration-ms="8">
      <class name="tests.LoginTest">
        <test-method is-config="true" signature="setupReport()[pri:0, instance:tests.LoginTest@1c1bbc4e]" started-at="2025-04-02T13:00:24 BST" name="setupReport" finished-at="2025-04-02T13:00:25 BST" duration-ms="181" status="PASS">
          <reporter-output>
          </reporter-output>
        </test-method> <!-- setupReport -->
        <test-method is-config="true" signature="teardownReport()[pri:0, instance:tests.LoginTest@1c1bbc4e]" started-at="2025-04-02T13:00:25 BST" name="teardownReport" finished-at="2025-04-02T13:00:27 BST" duration-ms="2262" status="PASS">
          <reporter-output>
          </reporter-output>
        </test-method> <!-- teardownReport -->
      </class> <!-- tests.LoginTest -->
    </test> <!-- Default test -->
  </suite> <!-- Default suite -->
</testng-results>
