<?xml version="1.0" encoding="UTF-8"?>
<!-- Generated by org.testng.reporters.JUnitXMLReporter -->
<testsuite ignored="0" hostname="SDNN" failures="1" tests="1" name="LoginTests" time="0.025" errors="0" timestamp="2025-04-02T12:57:00 BST">
  <testcase classname="tests.LoginTest" name="testValidLogin" time="0.0">
    <failure type="org.testng.TestNGException" message="
Method public void tests.LoginTest.testValidLogin(java.lang.String,java.lang.String) requires a @DataProvider named : Login Data">
      <![CDATA[org.testng.TestNGException: 
Method public void tests.LoginTest.testValidLogin(java.lang.String,java.lang.String) requires a @DataProvider named : Login Data
at java.base/java.util.ArrayList.forEach(ArrayList.java:1596)
... Removed 24 stack frames]]>
    </failure>
  </testcase> <!-- testValidLogin -->
</testsuite> <!-- LoginTests -->
